Determining if the pthread_create exist failed with the following output:
Change Dir: /home/yuan/Desktop/YuanCNN-7/pcd2binvox/build/CMakeFiles/CMakeTmp

Run Build Command:"/usr/bin/make" "cmTC_040bb/fast"
/usr/bin/make -f CMakeFiles/cmTC_040bb.dir/build.make CMakeFiles/cmTC_040bb.dir/build
make[1]: Entering directory '/home/yuan/Desktop/YuanCNN-7/pcd2binvox/build/CMakeFiles/CMakeTmp'
Building C object CMakeFiles/cmTC_040bb.dir/CheckSymbolExists.c.o
/usr/bin/cc     -o CMakeFiles/cmTC_040bb.dir/CheckSymbolExists.c.o   -c /home/yuan/Desktop/YuanCNN-7/pcd2binvox/build/CMakeFiles/CMakeTmp/CheckSymbolExists.c
Linking C executable cmTC_040bb
/usr/bin/cmake -E cmake_link_script CMakeFiles/cmTC_040bb.dir/link.txt --verbose=1
/usr/bin/cc       CMakeFiles/cmTC_040bb.dir/CheckSymbolExists.c.o  -o cmTC_040bb -rdynamic 
CMakeFiles/cmTC_040bb.dir/CheckSymbolExists.c.o: In function `main':
CheckSymbolExists.c:(.text+0x16): undefined reference to `pthread_create'
collect2: error: ld returned 1 exit status
CMakeFiles/cmTC_040bb.dir/build.make:97: recipe for target 'cmTC_040bb' failed
make[1]: *** [cmTC_040bb] Error 1
make[1]: Leaving directory '/home/yuan/Desktop/YuanCNN-7/pcd2binvox/build/CMakeFiles/CMakeTmp'
Makefile:126: recipe for target 'cmTC_040bb/fast' failed
make: *** [cmTC_040bb/fast] Error 2

File /home/yuan/Desktop/YuanCNN-7/pcd2binvox/build/CMakeFiles/CMakeTmp/CheckSymbolExists.c:
/* */
#include <pthread.h>

int main(int argc, char** argv)
{
  (void)argv;
#ifndef pthread_create
  return ((int*)(&pthread_create))[argc];
#else
  (void)argc;
  return 0;
#endif
}

Determining if the function pthread_create exists in the pthreads failed with the following output:
Change Dir: /home/yuan/Desktop/YuanCNN-7/pcd2binvox/build/CMakeFiles/CMakeTmp

Run Build Command:"/usr/bin/make" "cmTC_aeb08/fast"
/usr/bin/make -f CMakeFiles/cmTC_aeb08.dir/build.make CMakeFiles/cmTC_aeb08.dir/build
make[1]: Entering directory '/home/yuan/Desktop/YuanCNN-7/pcd2binvox/build/CMakeFiles/CMakeTmp'
Building C object CMakeFiles/cmTC_aeb08.dir/CheckFunctionExists.c.o
/usr/bin/cc    -DCHECK_FUNCTION_EXISTS=pthread_create   -o CMakeFiles/cmTC_aeb08.dir/CheckFunctionExists.c.o   -c /usr/share/cmake-3.5/Modules/CheckFunctionExists.c
Linking C executable cmTC_aeb08
/usr/bin/cmake -E cmake_link_script CMakeFiles/cmTC_aeb08.dir/link.txt --verbose=1
/usr/bin/cc   -DCHECK_FUNCTION_EXISTS=pthread_create    CMakeFiles/cmTC_aeb08.dir/CheckFunctionExists.c.o  -o cmTC_aeb08 -rdynamic -lpthreads 
/usr/bin/ld: cannot find -lpthreads
collect2: error: ld returned 1 exit status
CMakeFiles/cmTC_aeb08.dir/build.make:97: recipe for target 'cmTC_aeb08' failed
make[1]: *** [cmTC_aeb08] Error 1
make[1]: Leaving directory '/home/yuan/Desktop/YuanCNN-7/pcd2binvox/build/CMakeFiles/CMakeTmp'
Makefile:126: recipe for target 'cmTC_aeb08/fast' failed
make: *** [cmTC_aeb08/fast] Error 2


